<?xml version="1.0" encoding="UTF-8"?>
<!-- Generated by org.testng.reporters.JUnitReportReporter -->
<testsuite hostname="DESKTOP-60BIJVQ" failures="0" tests="1" name="testCases.TC_002_LoginAccountTest" time="7.934" errors="0" timestamp="2025-01-01T23:05:51 IST" skipped="0">
  <testcase classname="testCases.TC_002_LoginAccountTest" name="LoginTest1" time="7.934"/>
</testsuite> <!-- testCases.TC_002_LoginAccountTest -->
