<?xml version="1.0" encoding="UTF-8"?>
<!-- Generated by org.testng.reporters.JUnitReportReporter -->
<testsuite hostname="DESKTOP-60BIJVQ" failures="0" tests="1" name="testCases.TC_001_AccountRegistrationTest" time="2.982" errors="0" timestamp="2024-12-29T12:22:44 IST" skipped="0">
  <testcase classname="testCases.TC_001_AccountRegistrationTest" name="myAccountClickPage" time="2.982"/>
</testsuite> <!-- testCases.TC_001_AccountRegistrationTest -->
